{"numTotalTestSuites":32,"numPassedTestSuites":26,"numFailedTestSuites":6,"numPendingTestSuites":0,"numTotalTests":80,"numPassedTests":75,"numFailedTests":5,"numPendingTests":0,"numTodoTests":0,"snapshot":{"added":0,"failure":false,"filesAdded":0,"filesRemoved":0,"filesRemovedList":[],"filesUnmatched":0,"filesUpdated":0,"matched":0,"total":0,"unchecked":0,"uncheckedKeysByFile":[],"unmatched":0,"updated":0,"didUpdate":false},"startTime":1774859784461,"success":false,"testResults":[{"assertionResults":[{"ancestorTitles":["demographicParityScore"],"fullName":"demographicParityScore passes when groups are within delta threshold","status":"passed","title":"passes when groups are within delta threshold","duration":1.5943999999999505,"failureMessages":[],"meta":{},"tags":[]},{"ancestorTitles":["demographicParityScore"],"fullName":"demographicParityScore fails when gap exceeds threshold","status":"passed","title":"fails when gap exceeds threshold","duration":0.22139999999990323,"failureMessages":[],"meta":{},"tags":[]},{"ancestorTitles":["demographicParityScore"],"fullName":"demographicParityScore handles three groups correctly","status":"passed","title":"handles three groups correctly","duration":0.47680000000013933,"failureMessages":[],"meta":{},"tags":[]},{"ancestorTitles":["demographicParityScore"],"fullName":"demographicParityScore handles single group (no difference)","status":"passed","title":"handles single group (no difference)","duration":0.18910000000005311,"failureMessages":[],"meta":{},"tags":[]},{"ancestorTitles":["equalOpportunityScore"],"fullName":"equalOpportunityScore passes when TPRs are equal","status":"passed","title":"passes when TPRs are equal","duration":0.21060000000011314,"failureMessages":[],"meta":{},"tags":[]},{"ancestorTitles":["equalOpportunityScore"],"fullName":"equalOpportunityScore fails when TPR gap is too large","status":"passed","title":"fails when TPR gap is too large","duration":0.1611000000000331,"failureMessages":[],"meta":{},"tags":[]},{"ancestorTitles":["equalOpportunityScore"],"fullName":"equalOpportunityScore returns correct MetricResult shape","status":"passed","title":"returns correct MetricResult shape","duration":0.29970000000002983,"failureMessages":[],"meta":{},"tags":[]},{"ancestorTitles":["equalizedOddsScore"],"fullName":"equalizedOddsScore passes when both TPR and FPR differences are small","status":"passed","title":"passes when both TPR and FPR differences are small","duration":0.28749999999990905,"failureMessages":[],"meta":{},"tags":[]},{"ancestorTitles":["equalizedOddsScore"],"fullName":"equalizedOddsScore fails when combined deviation exceeds delta","status":"passed","title":"fails when combined deviation exceeds delta","duration":0.20839999999998327,"failureMessages":[],"meta":{},"tags":[]},{"ancestorTitles":["equalizedOddsScore"],"fullName":"equalizedOddsScore returns correct MetricResult shape","status":"passed","title":"returns correct MetricResult shape","duration":0.27290000000016335,"failureMessages":[],"meta":{},"tags":[]},{"ancestorTitles":["groupLossRatioScore"],"fullName":"groupLossRatioScore passes when losses are roughly equal","status":"passed","title":"passes when losses are roughly equal","duration":0.23050000000012005,"failureMessages":[],"meta":{},"tags":[]},{"ancestorTitles":["groupLossRatioScore"],"fullName":"groupLossRatioScore fails when one group has 5x higher loss","status":"passed","title":"fails when one group has 5x higher loss","duration":0.13969999999994798,"failureMessages":[],"meta":{},"tags":[]},{"ancestorTitles":["groupLossRatioScore"],"fullName":"groupLossRatioScore handles single group with N/A result","status":"passed","title":"handles single group with N/A result","duration":0.2138999999999669,"failureMessages":[],"meta":{},"tags":[]},{"ancestorTitles":["biasTagRateScore"],"fullName":"biasTagRateScore passes when bias rates are similar","status":"passed","title":"passes when bias rates are similar","duration":0.15489999999999782,"failureMessages":[],"meta":{},"tags":[]},{"ancestorTitles":["biasTagRateScore"],"fullName":"biasTagRateScore fails when bias rate gap exceeds threshold","status":"passed","title":"fails when bias rate gap exceeds threshold","duration":0.1010999999998603,"failureMessages":[],"meta":{},"tags":[]},{"ancestorTitles":["biasTagRateScore"],"fullName":"biasTagRateScore returns correct MetricResult shape","status":"passed","title":"returns correct MetricResult shape","duration":0.1431999999999789,"failureMessages":[],"meta":{},"tags":[]},{"ancestorTitles":["calculateFairnessScore"],"fullName":"calculateFairnessScore produces weighted sum between 0 and 1","status":"passed","title":"produces weighted sum between 0 and 1","duration":0.268100000000004,"failureMessages":[],"meta":{},"tags":[]},{"ancestorTitles":["calculateFairnessScore"],"fullName":"calculateFairnessScore returns formula string and breakdown","status":"passed","title":"returns formula string and breakdown","duration":0.12199999999984357,"failureMessages":[],"meta":{},"tags":[]},{"ancestorTitles":["responseHallucinationScore"],"fullName":"responseHallucinationScore passes with low hallucination rate","status":"passed","title":"passes with low hallucination rate","duration":0.15209999999979118,"failureMessages":[],"meta":{},"tags":[]},{"ancestorTitles":["responseHallucinationScore"],"fullName":"responseHallucinationScore fails with high hallucination rate","status":"passed","title":"fails with high hallucination rate","duration":0.08910000000014406,"failureMessages":[],"meta":{},"tags":[]},{"ancestorTitles":["responseHallucinationScore"],"fullName":"responseHallucinationScore handles zero total responses","status":"passed","title":"handles zero total responses","duration":0.09549999999990177,"failureMessages":[],"meta":{},"tags":[]},{"ancestorTitles":["claimHallucinationScore"],"fullName":"claimHallucinationScore passes when claim hallucination is below threshold","status":"passed","title":"passes when claim hallucination is below threshold","duration":0.12329999999997199,"failureMessages":[],"meta":{},"tags":[]},{"ancestorTitles":["claimHallucinationScore"],"fullName":"claimHallucinationScore fails when too many claims are unsupported","status":"passed","title":"fails when too many claims are unsupported","duration":0.08210000000008222,"failureMessages":[],"meta":{},"tags":[]},{"ancestorTitles":["claimHallucinationScore"],"fullName":"claimHallucinationScore returns correct shape","status":"passed","title":"returns correct shape","duration":0.13220000000001164,"failureMessages":[],"meta":{},"tags":[]},{"ancestorTitles":["faithfulnessScore"],"fullName":"faithfulnessScore passes with high judge score","status":"passed","title":"passes with high judge score","duration":0.15769999999997708,"failureMessages":[],"meta":{},"tags":[]},{"ancestorTitles":["faithfulnessScore"],"fullName":"faithfulnessScore fails with low judge score","status":"passed","title":"fails with low judge score","duration":0.08669999999983702,"failureMessages":[],"meta":{},"tags":[]},{"ancestorTitles":["faithfulnessScore"],"fullName":"faithfulnessScore returns correct shape","status":"passed","title":"returns correct shape","duration":0.1275999999998021,"failureMessages":[],"meta":{},"tags":[]},{"ancestorTitles":["unsupportedSpanScore"],"fullName":"unsupportedSpanScore passes when very few tokens are unsupported","status":"passed","title":"passes when very few tokens are unsupported","duration":0.12760000000002947,"failureMessages":[],"meta":{},"tags":[]},{"ancestorTitles":["unsupportedSpanScore"],"fullName":"unsupportedSpanScore fails when many tokens are unsupported","status":"passed","title":"fails when many tokens are unsupported","duration":0.08539999999993597,"failureMessages":[],"meta":{},"tags":[]},{"ancestorTitles":["unsupportedSpanScore"],"fullName":"unsupportedSpanScore handles zero tokens","status":"passed","title":"handles zero tokens","duration":0.0784000000001015,"failureMessages":[],"meta":{},"tags":[]},{"ancestorTitles":["abstentionQualityScore"],"fullName":"abstentionQualityScore passes when model abstains appropriately","status":"passed","title":"passes when model abstains appropriately","duration":0.12199999999984357,"failureMessages":[],"meta":{},"tags":[]},{"ancestorTitles":["abstentionQualityScore"],"fullName":"abstentionQualityScore fails when model rarely abstains on risky queries","status":"passed","title":"fails when model rarely abstains on risky queries","duration":0.0807999999999538,"failureMessages":[],"meta":{},"tags":[]},{"ancestorTitles":["abstentionQualityScore"],"fullName":"abstentionQualityScore returns 1 when no risky queries","status":"passed","title":"returns 1 when no risky queries","duration":0.07649999999989632,"failureMessages":[],"meta":{},"tags":[]},{"ancestorTitles":["calculateHallucinationScore"],"fullName":"calculateHallucinationScore produces score between 0 and 1","status":"passed","title":"produces score between 0 and 1","duration":0.17609999999990578,"failureMessages":[],"meta":{},"tags":[]},{"ancestorTitles":["overallToxicityScore"],"fullName":"overallToxicityScore passes with very low toxicity","status":"passed","title":"passes with very low toxicity","duration":0.125,"failureMessages":[],"meta":{},"tags":[]},{"ancestorTitles":["overallToxicityScore"],"fullName":"overallToxicityScore fails with high toxicity rate","status":"passed","title":"fails with high toxicity rate","duration":0.08530000000018845,"failureMessages":[],"meta":{},"tags":[]},{"ancestorTitles":["overallToxicityScore"],"fullName":"overallToxicityScore returns correct shape","status":"passed","title":"returns correct shape","duration":0.13099999999985812,"failureMessages":[],"meta":{},"tags":[]},{"ancestorTitles":["severeToxicityScore"],"fullName":"severeToxicityScore passes with near-zero severe toxicity","status":"passed","title":"passes with near-zero severe toxicity","duration":0.1289999999999054,"failureMessages":[],"meta":{},"tags":[]},{"ancestorTitles":["severeToxicityScore"],"fullName":"severeToxicityScore fails when several outputs are severely toxic","status":"failed","title":"fails when several outputs are severely toxic","duration":5.887400000000071,"failureMessages":["AssertionError: expected 'warn' to be 'fail' // Object.is equality\n    at C:/Users/Ganesh Kumar/Downloads/UAG/unifiedaai/src/lib/rai-formulas.test.ts:274:22\n    at file:///C:/Users/Ganesh%20Kumar/Downloads/UAG/unifiedaai/node_modules/@vitest/runner/dist/chunk-artifact.js:302:11\n    at file:///C:/Users/Ganesh%20Kumar/Downloads/UAG/unifiedaai/node_modules/@vitest/runner/dist/chunk-artifact.js:1893:26\n    at file:///C:/Users/Ganesh%20Kumar/Downloads/UAG/unifiedaai/node_modules/@vitest/runner/dist/chunk-artifact.js:2316:20\n    at new Promise (<anonymous>)\n    at runWithCancel (file:///C:/Users/Ganesh%20Kumar/Downloads/UAG/unifiedaai/node_modules/@vitest/runner/dist/chunk-artifact.js:2313:10)\n    at file:///C:/Users/Ganesh%20Kumar/Downloads/UAG/unifiedaai/node_modules/@vitest/runner/dist/chunk-artifact.js:2295:20\n    at new Promise (<anonymous>)\n    at runWithTimeout (file:///C:/Users/Ganesh%20Kumar/Downloads/UAG/unifiedaai/node_modules/@vitest/runner/dist/chunk-artifact.js:2262:10)\n    at file:///C:/Users/Ganesh%20Kumar/Downloads/UAG/unifiedaai/node_modules/@vitest/runner/dist/chunk-artifact.js:2945:64"],"meta":{},"tags":[]},{"ancestorTitles":["toxicityDifferentialScore"],"fullName":"toxicityDifferentialScore passes when output is less toxic than input","status":"passed","title":"passes when output is less toxic than input","duration":0.20879999999988286,"failureMessages":[],"meta":{},"tags":[]},{"ancestorTitles":["toxicityDifferentialScore"],"fullName":"toxicityDifferentialScore fails when model amplifies toxicity","status":"failed","title":"fails when model amplifies toxicity","duration":0.667699999999968,"failureMessages":["AssertionError: expected 'warn' to be 'fail' // Object.is equality\n    at C:/Users/Ganesh Kumar/Downloads/UAG/unifiedaai/src/lib/rai-formulas.test.ts:285:22\n    at file:///C:/Users/Ganesh%20Kumar/Downloads/UAG/unifiedaai/node_modules/@vitest/runner/dist/chunk-artifact.js:302:11\n    at file:///C:/Users/Ganesh%20Kumar/Downloads/UAG/unifiedaai/node_modules/@vitest/runner/dist/chunk-artifact.js:1893:26\n    at file:///C:/Users/Ganesh%20Kumar/Downloads/UAG/unifiedaai/node_modules/@vitest/runner/dist/chunk-artifact.js:2316:20\n    at new Promise (<anonymous>)\n    at runWithCancel (file:///C:/Users/Ganesh%20Kumar/Downloads/UAG/unifiedaai/node_modules/@vitest/runner/dist/chunk-artifact.js:2313:10)\n    at file:///C:/Users/Ganesh%20Kumar/Downloads/UAG/unifiedaai/node_modules/@vitest/runner/dist/chunk-artifact.js:2295:20\n    at new Promise (<anonymous>)\n    at runWithTimeout (file:///C:/Users/Ganesh%20Kumar/Downloads/UAG/unifiedaai/node_modules/@vitest/runner/dist/chunk-artifact.js:2262:10)\n    at file:///C:/Users/Ganesh%20Kumar/Downloads/UAG/unifiedaai/node_modules/@vitest/runner/dist/chunk-artifact.js:2945:64"],"meta":{},"tags":[]},{"ancestorTitles":["toxicityDifferentialScore"],"fullName":"toxicityDifferentialScore returns correct shape","status":"passed","title":"returns correct shape","duration":0.17290000000002692,"failureMessages":[],"meta":{},"tags":[]},{"ancestorTitles":["topicToxicityScore"],"fullName":"topicToxicityScore passes when all topics have low toxicity","status":"passed","title":"passes when all topics have low toxicity","duration":0.2533000000000811,"failureMessages":[],"meta":{},"tags":[]},{"ancestorTitles":["topicToxicityScore"],"fullName":"topicToxicityScore fails when any topic has high toxicity","status":"passed","title":"fails when any topic has high toxicity","duration":0.1092999999998483,"failureMessages":[],"meta":{},"tags":[]},{"ancestorTitles":["topicToxicityScore"],"fullName":"topicToxicityScore handles empty topics","status":"passed","title":"handles empty topics","duration":0.08770000000004075,"failureMessages":[],"meta":{},"tags":[]},{"ancestorTitles":["guardrailCatchScore"],"fullName":"guardrailCatchScore passes when guardrails catch most toxic inputs","status":"passed","title":"passes when guardrails catch most toxic inputs","duration":0.1289000000001579,"failureMessages":[],"meta":{},"tags":[]},{"ancestorTitles":["guardrailCatchScore"],"fullName":"guardrailCatchScore fails when guardrails miss many toxic inputs","status":"passed","title":"fails when guardrails miss many toxic inputs","duration":0.0864000000001397,"failureMessages":[],"meta":{},"tags":[]},{"ancestorTitles":["guardrailCatchScore"],"fullName":"guardrailCatchScore returns 1 when no toxic inputs","status":"passed","title":"returns 1 when no toxic inputs","duration":0.08729999999991378,"failureMessages":[],"meta":{},"tags":[]},{"ancestorTitles":["calculateToxicityScore"],"fullName":"calculateToxicityScore produces weighted score between 0 and 1","status":"passed","title":"produces weighted score between 0 and 1","duration":0.2157999999999447,"failureMessages":[],"meta":{},"tags":[]},{"ancestorTitles":["piiLeakageScore"],"fullName":"piiLeakageScore passes with minimal PII in outputs","status":"passed","title":"passes with minimal PII in outputs","duration":0.14409999999998035,"failureMessages":[],"meta":{},"tags":[]},{"ancestorTitles":["piiLeakageScore"],"fullName":"piiLeakageScore fails with high PII leakage","status":"passed","title":"fails with high PII leakage","duration":0.08410000000003492,"failureMessages":[],"meta":{},"tags":[]},{"ancestorTitles":["piiLeakageScore"],"fullName":"piiLeakageScore returns correct shape","status":"passed","title":"returns correct shape","duration":0.1452999999999065,"failureMessages":[],"meta":{},"tags":[]},{"ancestorTitles":["phiLeakageScore"],"fullName":"phiLeakageScore passes with zero PHI leakage","status":"passed","title":"passes with zero PHI leakage","duration":0.13820000000009713,"failureMessages":[],"meta":{},"tags":[]},{"ancestorTitles":["phiLeakageScore"],"fullName":"phiLeakageScore fails with any PHI leakage above 1%","status":"failed","title":"fails with any PHI leakage above 1%","duration":0.48420000000010077,"failureMessages":["AssertionError: expected 'warn' to be 'fail' // Object.is equality\n    at C:/Users/Ganesh Kumar/Downloads/UAG/unifiedaai/src/lib/rai-formulas.test.ts:356:22\n    at file:///C:/Users/Ganesh%20Kumar/Downloads/UAG/unifiedaai/node_modules/@vitest/runner/dist/chunk-artifact.js:302:11\n    at file:///C:/Users/Ganesh%20Kumar/Downloads/UAG/unifiedaai/node_modules/@vitest/runner/dist/chunk-artifact.js:1893:26\n    at file:///C:/Users/Ganesh%20Kumar/Downloads/UAG/unifiedaai/node_modules/@vitest/runner/dist/chunk-artifact.js:2316:20\n    at new Promise (<anonymous>)\n    at runWithCancel (file:///C:/Users/Ganesh%20Kumar/Downloads/UAG/unifiedaai/node_modules/@vitest/runner/dist/chunk-artifact.js:2313:10)\n    at file:///C:/Users/Ganesh%20Kumar/Downloads/UAG/unifiedaai/node_modules/@vitest/runner/dist/chunk-artifact.js:2295:20\n    at new Promise (<anonymous>)\n    at runWithTimeout (file:///C:/Users/Ganesh%20Kumar/Downloads/UAG/unifiedaai/node_modules/@vitest/runner/dist/chunk-artifact.js:2262:10)\n    at file:///C:/Users/Ganesh%20Kumar/Downloads/UAG/unifiedaai/node_modules/@vitest/runner/dist/chunk-artifact.js:2945:64"],"meta":{},"tags":[]},{"ancestorTitles":["redactionCoverageScore"],"fullName":"redactionCoverageScore passes when almost all PII is redacted","status":"passed","title":"passes when almost all PII is redacted","duration":0.15620000000012624,"failureMessages":[],"meta":{},"tags":[]},{"ancestorTitles":["redactionCoverageScore"],"fullName":"redactionCoverageScore fails when too little PII is redacted","status":"passed","title":"fails when too little PII is redacted","duration":0.0864000000001397,"failureMessages":[],"meta":{},"tags":[]},{"ancestorTitles":["redactionCoverageScore"],"fullName":"redactionCoverageScore returns 1 when nothing to redact","status":"passed","title":"returns 1 when nothing to redact","duration":0.07979999999997744,"failureMessages":[],"meta":{},"tags":[]},{"ancestorTitles":["secretsExposureScore"],"fullName":"secretsExposureScore passes with zero secrets in output","status":"passed","title":"passes with zero secrets in output","duration":0.12200000000007094,"failureMessages":[],"meta":{},"tags":[]},{"ancestorTitles":["secretsExposureScore"],"fullName":"secretsExposureScore fails with secrets in outputs","status":"failed","title":"fails with secrets in outputs","duration":0.38229999999998654,"failureMessages":["AssertionError: expected 'warn' to be 'fail' // Object.is equality\n    at C:/Users/Ganesh Kumar/Downloads/UAG/unifiedaai/src/lib/rai-formulas.test.ts:382:22\n    at file:///C:/Users/Ganesh%20Kumar/Downloads/UAG/unifiedaai/node_modules/@vitest/runner/dist/chunk-artifact.js:302:11\n    at file:///C:/Users/Ganesh%20Kumar/Downloads/UAG/unifiedaai/node_modules/@vitest/runner/dist/chunk-artifact.js:1893:26\n    at file:///C:/Users/Ganesh%20Kumar/Downloads/UAG/unifiedaai/node_modules/@vitest/runner/dist/chunk-artifact.js:2316:20\n    at new Promise (<anonymous>)\n    at runWithCancel (file:///C:/Users/Ganesh%20Kumar/Downloads/UAG/unifiedaai/node_modules/@vitest/runner/dist/chunk-artifact.js:2313:10)\n    at file:///C:/Users/Ganesh%20Kumar/Downloads/UAG/unifiedaai/node_modules/@vitest/runner/dist/chunk-artifact.js:2295:20\n    at new Promise (<anonymous>)\n    at runWithTimeout (file:///C:/Users/Ganesh%20Kumar/Downloads/UAG/unifiedaai/node_modules/@vitest/runner/dist/chunk-artifact.js:2262:10)\n    at file:///C:/Users/Ganesh%20Kumar/Downloads/UAG/unifiedaai/node_modules/@vitest/runner/dist/chunk-artifact.js:2945:64"],"meta":{},"tags":[]},{"ancestorTitles":["minimizationScore"],"fullName":"minimizationScore passes when most prompts follow data minimization","status":"passed","title":"passes when most prompts follow data minimization","duration":0.14140000000020336,"failureMessages":[],"meta":{},"tags":[]},{"ancestorTitles":["minimizationScore"],"fullName":"minimizationScore fails when many prompts have unnecessary PII","status":"passed","title":"fails when many prompts have unnecessary PII","duration":0.08690000000001419,"failureMessages":[],"meta":{},"tags":[]},{"ancestorTitles":["calculatePrivacyScore"],"fullName":"calculatePrivacyScore produces weighted score between 0 and 1","status":"passed","title":"produces weighted score between 0 and 1","duration":0.17480000000000473,"failureMessages":[],"meta":{},"tags":[]},{"ancestorTitles":["clarityScore"],"fullName":"clarityScore passes with high clarity rating","status":"passed","title":"passes with high clarity rating","duration":0.1414999999999509,"failureMessages":[],"meta":{},"tags":[]},{"ancestorTitles":["clarityScore"],"fullName":"clarityScore fails with low clarity rating","status":"passed","title":"fails with low clarity rating","duration":0.08529999999996107,"failureMessages":[],"meta":{},"tags":[]},{"ancestorTitles":["clarityScore"],"fullName":"clarityScore returns correct shape","status":"passed","title":"returns correct shape","duration":0.2118000000000393,"failureMessages":[],"meta":{},"tags":[]},{"ancestorTitles":["explanationFaithfulnessScore"],"fullName":"explanationFaithfulnessScore passes with high faithfulness rating","status":"passed","title":"passes with high faithfulness rating","duration":0.19659999999998945,"failureMessages":[],"meta":{},"tags":[]},{"ancestorTitles":["explanationFaithfulnessScore"],"fullName":"explanationFaithfulnessScore fails with low faithfulness rating","status":"passed","title":"fails with low faithfulness rating","duration":0.12210000000004584,"failureMessages":[],"meta":{},"tags":[]},{"ancestorTitles":["coverageScore"],"fullName":"coverageScore passes when most outputs have explanations","status":"passed","title":"passes when most outputs have explanations","duration":0.15430000000014843,"failureMessages":[],"meta":{},"tags":[]},{"ancestorTitles":["coverageScore"],"fullName":"coverageScore fails when few outputs have explanations","status":"passed","title":"fails when few outputs have explanations","duration":0.08779999999978827,"failureMessages":[],"meta":{},"tags":[]},{"ancestorTitles":["coverageScore"],"fullName":"coverageScore handles zero outputs","status":"passed","title":"handles zero outputs","duration":0.10960000000000036,"failureMessages":[],"meta":{},"tags":[]},{"ancestorTitles":["actionabilityScore"],"fullName":"actionabilityScore passes with actionable explanations","status":"passed","title":"passes with actionable explanations","duration":0.1834000000001197,"failureMessages":[],"meta":{},"tags":[]},{"ancestorTitles":["actionabilityScore"],"fullName":"actionabilityScore fails with non-actionable explanations","status":"passed","title":"fails with non-actionable explanations","duration":0.10130000000003747,"failureMessages":[],"meta":{},"tags":[]},{"ancestorTitles":["simplicityScore"],"fullName":"simplicityScore passes with high simplicity","status":"passed","title":"passes with high simplicity","duration":0.14239999999995234,"failureMessages":[],"meta":{},"tags":[]},{"ancestorTitles":["simplicityScore"],"fullName":"simplicityScore fails with low simplicity","status":"passed","title":"fails with low simplicity","duration":0.10490000000004329,"failureMessages":[],"meta":{},"tags":[]},{"ancestorTitles":["simplicityScore"],"fullName":"simplicityScore returns correct shape","status":"passed","title":"returns correct shape","duration":0.13360000000011496,"failureMessages":[],"meta":{},"tags":[]},{"ancestorTitles":["calculateExplainabilityScore"],"fullName":"calculateExplainabilityScore produces weighted score between 0 and 1","status":"passed","title":"produces weighted score between 0 and 1","duration":0.18470000000002074,"failureMessages":[],"meta":{},"tags":[]},{"ancestorTitles":["calculateExplainabilityScore"],"fullName":"calculateExplainabilityScore returns formula and breakdown","status":"passed","title":"returns formula and breakdown","duration":0.11770000000001346,"failureMessages":[],"meta":{},"tags":[]},{"ancestorTitles":["calculateOverallRAIScore"],"fullName":"calculateOverallRAIScore produces score between 0 and 1 with all pillars","status":"failed","title":"produces score between 0 and 1 with all pillars","duration":0.5667000000000826,"failureMessages":["AssertionError: expected 89 to be less than or equal to 1\n    at C:/Users/Ganesh Kumar/Downloads/UAG/unifiedaai/src/lib/rai-formulas.test.ts:495:19\n    at file:///C:/Users/Ganesh%20Kumar/Downloads/UAG/unifiedaai/node_modules/@vitest/runner/dist/chunk-artifact.js:302:11\n    at file:///C:/Users/Ganesh%20Kumar/Downloads/UAG/unifiedaai/node_modules/@vitest/runner/dist/chunk-artifact.js:1893:26\n    at file:///C:/Users/Ganesh%20Kumar/Downloads/UAG/unifiedaai/node_modules/@vitest/runner/dist/chunk-artifact.js:2316:20\n    at new Promise (<anonymous>)\n    at runWithCancel (file:///C:/Users/Ganesh%20Kumar/Downloads/UAG/unifiedaai/node_modules/@vitest/runner/dist/chunk-artifact.js:2313:10)\n    at file:///C:/Users/Ganesh%20Kumar/Downloads/UAG/unifiedaai/node_modules/@vitest/runner/dist/chunk-artifact.js:2295:20\n    at new Promise (<anonymous>)\n    at runWithTimeout (file:///C:/Users/Ganesh%20Kumar/Downloads/UAG/unifiedaai/node_modules/@vitest/runner/dist/chunk-artifact.js:2262:10)\n    at file:///C:/Users/Ganesh%20Kumar/Downloads/UAG/unifiedaai/node_modules/@vitest/runner/dist/chunk-artifact.js:2945:64"],"meta":{},"tags":[]},{"ancestorTitles":["calculateOverallRAIScore"],"fullName":"calculateOverallRAIScore handles missing pillars gracefully","status":"passed","title":"handles missing pillars gracefully","duration":0.14959999999996398,"failureMessages":[],"meta":{},"tags":[]},{"ancestorTitles":["calculateOverallRAIScore"],"fullName":"calculateOverallRAIScore returns formula string","status":"passed","title":"returns formula string","duration":0.13429999999993925,"failureMessages":[],"meta":{},"tags":[]}],"startTime":1774859785619,"endTime":1774859785641.1497,"status":"failed","message":"","name":"C:/Users/Ganesh Kumar/Downloads/UAG/unifiedaai/src/lib/rai-formulas.test.ts"}]}